<?xml version="1.0" encoding="UTF-8"?>
<testng-results ignored="0" total="4" passed="4" failed="0" skipped="0">
  <reporter-output>
  </reporter-output>
  <suite started-at="2023-08-04T07:03:33 UTC" name="Suite" finished-at="2023-08-04T07:03:55 UTC" duration-ms="22383">
    <groups>
    </groups>
    <test started-at="2023-08-04T07:03:33 UTC" name="Test" finished-at="2023-08-04T07:03:55 UTC" duration-ms="22383">
      <class name="test.java.com.qa.testscripts.Iamneo_001">
        <test-method is-config="true" signature="beforeTest()[pri:0, instance:test.java.com.qa.testscripts.Iamneo_001@29176cc1]" started-at="2023-08-04T07:03:33 UTC" name="beforeTest" finished-at="2023-08-04T07:03:50 UTC" duration-ms="17681" status="PASS">
          <reporter-output>
          </reporter-output>
        </test-method> <!-- beforeTest -->
        <test-method signature="BackPage()[pri:0, instance:test.java.com.qa.testscripts.Iamneo_001@29176cc1]" started-at="2023-08-04T07:03:50 UTC" name="BackPage" finished-at="2023-08-04T07:03:51 UTC" duration-ms="78" status="PASS">
          <reporter-output>
          </reporter-output>
        </test-method> <!-- BackPage -->
        <test-method signature="CurrentURL()[pri:0, instance:test.java.com.qa.testscripts.Iamneo_001@29176cc1]" started-at="2023-08-04T07:03:51 UTC" name="CurrentURL" finished-at="2023-08-04T07:03:51 UTC" duration-ms="230" status="PASS">
          <reporter-output>
          </reporter-output>
        </test-method> <!-- CurrentURL -->
        <test-method signature="NextPage()[pri:0, instance:test.java.com.qa.testscripts.Iamneo_001@29176cc1]" started-at="2023-08-04T07:03:51 UTC" name="NextPage" finished-at="2023-08-04T07:03:53 UTC" duration-ms="2263" status="PASS">
          <reporter-output>
          </reporter-output>
        </test-method> <!-- NextPage -->
        <test-method signature="iamNeo()[pri:0, instance:test.java.com.qa.testscripts.Iamneo_001@29176cc1]" started-at="2023-08-04T07:03:53 UTC" name="iamNeo" finished-at="2023-08-04T07:03:55 UTC" duration-ms="1800" status="PASS">
          <reporter-output>
          </reporter-output>
        </test-method> <!-- iamNeo -->
        <test-method is-config="true" signature="afterTest()[pri:0, instance:test.java.com.qa.testscripts.Iamneo_001@29176cc1]" started-at="2023-08-04T07:03:55 UTC" name="afterTest" finished-at="2023-08-04T07:03:55 UTC" duration-ms="299" status="PASS">
          <reporter-output>
          </reporter-output>
        </test-method> <!-- afterTest -->
      </class> <!-- test.java.com.qa.testscripts.Iamneo_001 -->
    </test> <!-- Test -->
  </suite> <!-- Suite -->
</testng-results>
