-------------------------------------------------------------------------------
Test set: TestSuite
-------------------------------------------------------------------------------
Tests run: 4, Failures: 1, Errors: 0, Skipped: 0, Time elapsed: 26.714 s <<< FAILURE! - in TestSuite
com.qa.testscripts.Iamneo.iamNeo  Time elapsed: 0.536 s  <<< FAILURE!
org.openqa.selenium.WebDriverException: 
disconnected: Unable to receive message from renderer
  (failed to check if window was closed: disconnected: not connected to DevTools)
  (Session info: chrome=114.0.5735.133)
Build info: version: '4.1.0', revision: '87802e897b'
System info: host: 'bbbaafeecafddfddddfcdbbbdefea-0', ip: '10.56.61.15', os.name: 'Linux', os.arch: 'amd64', os.version: '5.10.162+', java.version: '11.0.18'
Driver info: org.openqa.selenium.remote.RemoteWebDriver
Command: [10cbc30cb1413959f04a540529615ef5, get {url=https://iamneo.ai/careers/}]
Capabilities {acceptInsecureCerts: false, browserName: chrome, browserVersion: 114.0.5735.133, chrome: {chromedriverVersion: 114.0.5735.90 (386bc09e8f4f..., userDataDir: /tmp/.com.google.Chrome.arKIMp}, goog:chromeOptions: {debuggerAddress: localhost:43871}, javascriptEnabled: true, networkConnectionEnabled: false, pageLoadStrategy: normal, platform: LINUX, platformName: LINUX, proxy: Proxy(), se:bidiEnabled: false, se:cdp: ws://10.56.61.15:4444/sessi..., se:cdpVersion: 114.0.5735.133, se:vnc: ws://10.56.61.15:4444/sessi..., se:vncEnabled: true, se:vncLocalAddress: ws://10.56.61.15:7900, setWindowRect: true, strictFileInteractability: false, timeouts: {implicit: 0, pageLoad: 300000, script: 30000}, unhandledPromptBehavior: dismiss and notify, webauthn:extension:credBlob: true, webauthn:extension:largeBlob: true, webauthn:extension:minPinLength: true, webauthn:extension:prf: true, webauthn:virtualAuthenticators: true}
Session ID: 10cbc30cb1413959f04a540529615ef5
	at com.qa.testscripts.Iamneo.iamNeo(Iamneo.java:30)

