<?xml version="1.0" encoding="UTF-8"?>
<!-- Generated by org.testng.reporters.JUnitXMLReporter -->
<testsuite ignored="0" hostname="bbbaafeecafddfddddfcdbbbdefea-0" failures="0" tests="4" name="Test" time="22.383" errors="0" timestamp="2023-08-04T07:03:55 UTC">
  <testcase classname="test.java.com.qa.testscripts.Iamneo_001" name="BackPage" time="0.078"/>
  <testcase classname="test.java.com.qa.testscripts.Iamneo_001" name="CurrentURL" time="0.23"/>
  <testcase classname="test.java.com.qa.testscripts.Iamneo_001" name="NextPage" time="2.263"/>
  <testcase classname="test.java.com.qa.testscripts.Iamneo_001" name="iamNeo" time="1.8"/>
</testsuite> <!-- Test -->
